<?xml version="1.0" encoding="UTF-8"?>
<!-- Generated by org.testng.reporters.JUnitReportReporter -->
<testsuite hostname="LAPTOP-9SP11G2H" failures="0" tests="2" name="Practice.RestAssured_1" time="2.700" errors="0" timestamp="2022-08-18T14:12:58 IST" skipped="0">
  <testcase classname="Practice.RestAssured_1" name="Getmethod_BDD" time="2.047"/>
  <system-out/>
  <testcase classname="Practice.RestAssured_1" name="Postmethod_BDD" time="0.653"/>
  <system-out/>
</testsuite> <!-- Practice.RestAssured_1 -->
