<?xml version="1.0" encoding="UTF-8"?>
<!-- Generated by org.testng.reporters.JUnitReportReporter -->
<testsuite hostname="LAPTOP-9SP11G2H" failures="0" tests="2" name="Practice.LocalAPITest" time="1.376" errors="0" timestamp="2022-08-18T17:48:03 IST" skipped="0">
  <testcase classname="Practice.LocalAPITest" name="patch" time="0.054"/>
  <system-out/>
  <testcase classname="Practice.LocalAPITest" name="get" time="1.322"/>
  <system-out/>
</testsuite> <!-- Practice.LocalAPITest -->
